<?xml version="1.0" encoding="UTF-8"?>
<testsuite name="testClean.CreateProjectTest" tests="1" skipped="0" failures="0" errors="0" timestamp="2022-10-22T05:13:39" hostname="ALMACEN12" time="24.892">
  <properties/>
  <testcase name="titulo: Verify the creation of a project" classname="testClean.CreateProjectTest" time="24.892"/>
  <system-out><![CDATA[]]></system-out>
  <system-err><![CDATA[Starting ChromeDriver 106.0.5249.61 (511755355844955cd3e264779baf0dd38212a4d0-refs/branch-heads/5249@{#569}) on port 61634
Only local connections are allowed.
Please see https://chromedriver.chromium.org/security-considerations for suggestions on keeping ChromeDriver safe.
ChromeDriver was started successfully.
oct 22, 2022 12:13:45 A. M. org.openqa.selenium.remote.ProtocolHandshake createSession
INFO: Detected upstream dialect: W3C
oct 22, 2022 12:13:45 A. M. org.openqa.selenium.devtools.CdpVersionFinder findNearestMatch
INFO: Found exact CDP implementation for version 106
]]></system-err>
</testsuite>
